This is pdfTeX, Version 3.141592653-2.6-1.40.22 (TeX Live 2022/dev/Debian) (preloaded format=pdflatex 2023.5.31)  21 SEP 2023 13:06
entering extended mode
 restricted \write18 enabled.
 %&-line parsing enabled.
**modes_mouse_rev1b.tex
(./modes_mouse_rev1b.tex
LaTeX2e <2021-11-15> patch level 1
L3 programming layer <2022-01-21>
(/usr/share/texlive/texmf-dist/tex/latex/base/article.cls
Document Class: article 2021/10/04 v1.4n Standard LaTeX document class
(/usr/share/texlive/texmf-dist/tex/latex/base/size10.clo
File: size10.clo 2021/10/04 v1.4n Standard LaTeX file (size option)
)
\c@part=\count185
\c@section=\count186
\c@subsection=\count187
\c@subsubsection=\count188
\c@paragraph=\count189
\c@subparagraph=\count190
\c@figure=\count191
\c@table=\count192
\abovecaptionskip=\skip47
\belowcaptionskip=\skip48
\bibindent=\dimen138
)
(/usr/share/texlive/texmf-dist/tex/latex/amsmath/amsmath.sty
Package: amsmath 2021/10/15 v2.17l AMS math features
\@mathmargin=\skip49

For additional information on amsmath, use the `?' option.
(/usr/share/texlive/texmf-dist/tex/latex/amsmath/amstext.sty
Package: amstext 2021/08/26 v2.01 AMS text

(/usr/share/texlive/texmf-dist/tex/latex/amsmath/amsgen.sty
File: amsgen.sty 1999/11/30 v2.0 generic functions
\@emptytoks=\toks16
\ex@=\dimen139
))
(/usr/share/texlive/texmf-dist/tex/latex/amsmath/amsbsy.sty
Package: amsbsy 1999/11/29 v1.2d Bold Symbols
\pmbraise@=\dimen140
)
(/usr/share/texlive/texmf-dist/tex/latex/amsmath/amsopn.sty
Package: amsopn 2021/08/26 v2.02 operator names
)
\inf@bad=\count193
LaTeX Info: Redefining \frac on input line 234.
\uproot@=\count194
\leftroot@=\count195
LaTeX Info: Redefining \overline on input line 399.
\classnum@=\count196
\DOTSCASE@=\count197
LaTeX Info: Redefining \ldots on input line 496.
LaTeX Info: Redefining \dots on input line 499.
LaTeX Info: Redefining \cdots on input line 620.
\Mathstrutbox@=\box50
\strutbox@=\box51
\big@size=\dimen141
LaTeX Font Info:    Redeclaring font encoding OML on input line 743.
LaTeX Font Info:    Redeclaring font encoding OMS on input line 744.
\macc@depth=\count198
\c@MaxMatrixCols=\count199
\dotsspace@=\muskip16
\c@parentequation=\count266
\dspbrk@lvl=\count267
\tag@help=\toks17
\row@=\count268
\column@=\count269
\maxfields@=\count270
\andhelp@=\toks18
\eqnshift@=\dimen142
\alignsep@=\dimen143
\tagshift@=\dimen144
\tagwidth@=\dimen145
\totwidth@=\dimen146
\lineht@=\dimen147
\@envbody=\toks19
\multlinegap=\skip50
\multlinetaggap=\skip51
\mathdisplay@stack=\toks20
LaTeX Info: Redefining \[ on input line 2938.
LaTeX Info: Redefining \] on input line 2939.
)
(/usr/share/texlive/texmf-dist/tex/latex/amsfonts/amssymb.sty
Package: amssymb 2013/01/14 v3.01 AMS font symbols

(/usr/share/texlive/texmf-dist/tex/latex/amsfonts/amsfonts.sty
Package: amsfonts 2013/01/14 v3.01 Basic AMSFonts support
\symAMSa=\mathgroup4
\symAMSb=\mathgroup5
LaTeX Font Info:    Redeclaring math symbol \hbar on input line 98.
LaTeX Font Info:    Overwriting math alphabet `\mathfrak' in version `bold'
(Font)                  U/euf/m/n --> U/euf/b/n on input line 106.
))
(/usr/share/texlive/texmf-dist/tex/generic/iftex/iftex.sty
Package: iftex 2020/03/06 v1.0d TeX engine tests
)
(/usr/share/texlive/texmf-dist/tex/latex/base/fontenc.sty
Package: fontenc 2021/04/29 v2.0v Standard LaTeX package
)
(/usr/share/texlive/texmf-dist/tex/latex/base/inputenc.sty
Package: inputenc 2021/02/14 v1.3d Input encoding file
\inpenc@prehook=\toks21
\inpenc@posthook=\toks22
)
(/usr/share/texlive/texmf-dist/tex/latex/base/textcomp.sty
Package: textcomp 2020/02/02 v2.0n Standard LaTeX package
)
(/usr/share/texmf/tex/latex/lm/lmodern.sty
Package: lmodern 2009/10/30 v1.6 Latin Modern Fonts
LaTeX Font Info:    Overwriting symbol font `operators' in version `normal'
(Font)                  OT1/cmr/m/n --> OT1/lmr/m/n on input line 22.
LaTeX Font Info:    Overwriting symbol font `letters' in version `normal'
(Font)                  OML/cmm/m/it --> OML/lmm/m/it on input line 23.
LaTeX Font Info:    Overwriting symbol font `symbols' in version `normal'
(Font)                  OMS/cmsy/m/n --> OMS/lmsy/m/n on input line 24.
LaTeX Font Info:    Overwriting symbol font `largesymbols' in version `normal'
(Font)                  OMX/cmex/m/n --> OMX/lmex/m/n on input line 25.
LaTeX Font Info:    Overwriting symbol font `operators' in version `bold'
(Font)                  OT1/cmr/bx/n --> OT1/lmr/bx/n on input line 26.
LaTeX Font Info:    Overwriting symbol font `letters' in version `bold'
(Font)                  OML/cmm/b/it --> OML/lmm/b/it on input line 27.
LaTeX Font Info:    Overwriting symbol font `symbols' in version `bold'
(Font)                  OMS/cmsy/b/n --> OMS/lmsy/b/n on input line 28.
LaTeX Font Info:    Overwriting symbol font `largesymbols' in version `bold'
(Font)                  OMX/cmex/m/n --> OMX/lmex/m/n on input line 29.
LaTeX Font Info:    Overwriting math alphabet `\mathbf' in version `normal'
(Font)                  OT1/cmr/bx/n --> OT1/lmr/bx/n on input line 31.
LaTeX Font Info:    Overwriting math alphabet `\mathsf' in version `normal'
(Font)                  OT1/cmss/m/n --> OT1/lmss/m/n on input line 32.
LaTeX Font Info:    Overwriting math alphabet `\mathit' in version `normal'
(Font)                  OT1/cmr/m/it --> OT1/lmr/m/it on input line 33.
LaTeX Font Info:    Overwriting math alphabet `\mathtt' in version `normal'
(Font)                  OT1/cmtt/m/n --> OT1/lmtt/m/n on input line 34.
LaTeX Font Info:    Overwriting math alphabet `\mathbf' in version `bold'
(Font)                  OT1/cmr/bx/n --> OT1/lmr/bx/n on input line 35.
LaTeX Font Info:    Overwriting math alphabet `\mathsf' in version `bold'
(Font)                  OT1/cmss/bx/n --> OT1/lmss/bx/n on input line 36.
LaTeX Font Info:    Overwriting math alphabet `\mathit' in version `bold'
(Font)                  OT1/cmr/bx/it --> OT1/lmr/bx/it on input line 37.
LaTeX Font Info:    Overwriting math alphabet `\mathtt' in version `bold'
(Font)                  OT1/cmtt/m/n --> OT1/lmtt/m/n on input line 38.
)
(/usr/share/texlive/texmf-dist/tex/latex/upquote/upquote.sty
Package: upquote 2012/04/19 v1.3 upright-quote and grave-accent glyphs in verba
tim
)
(/usr/share/texlive/texmf-dist/tex/latex/microtype/microtype.sty
Package: microtype 2021/12/10 v3.0b Micro-typographical refinements (RS)

(/usr/share/texlive/texmf-dist/tex/latex/graphics/keyval.sty
Package: keyval 2014/10/28 v1.15 key=value parser (DPC)
\KV@toks@=\toks23
)
(/usr/share/texlive/texmf-dist/tex/latex/etoolbox/etoolbox.sty
Package: etoolbox 2020/10/05 v2.5k e-TeX tools for LaTeX (JAW)
\etb@tempcnta=\count271
)
\MT@toks=\toks24
\MT@count=\count272
\MT@tempbox=\box52
LaTeX Info: Redefining \leftprotrusion on input line 1010.
LaTeX Info: Redefining \rightprotrusion on input line 1018.
LaTeX Info: Redefining \textls on input line 1173.
\MT@outer@kern=\dimen148
LaTeX Info: Redefining \textmicrotypecontext on input line 1759.
\MT@listname@count=\count273

(/usr/share/texlive/texmf-dist/tex/latex/microtype/microtype-pdftex.def
File: microtype-pdftex.def 2021/12/10 v3.0b Definitions specific to pdftex (RS)

LaTeX Info: Redefining \lsstyle on input line 897.
LaTeX Info: Redefining \lslig on input line 897.
\MT@outer@space=\skip52
)
Package microtype Info: Loading configuration file microtype.cfg.

(/usr/share/texlive/texmf-dist/tex/latex/microtype/microtype.cfg
File: microtype.cfg 2021/12/10 v3.0b microtype main configuration file (RS)
))
(/usr/share/texlive/texmf-dist/tex/latex/parskip/parskip.sty
Package: parskip 2021-03-14 v2.0h non-zero parskip adjustments

(/usr/share/texlive/texmf-dist/tex/latex/kvoptions/kvoptions.sty
Package: kvoptions 2020-10-07 v3.14 Key value format for package options (HO)

(/usr/share/texlive/texmf-dist/tex/generic/ltxcmds/ltxcmds.sty
Package: ltxcmds 2020-05-10 v1.25 LaTeX kernel commands for general use (HO)
)
(/usr/share/texlive/texmf-dist/tex/generic/kvsetkeys/kvsetkeys.sty
Package: kvsetkeys 2019/12/15 v1.18 Key value parser (HO)
)))
(/usr/share/texlive/texmf-dist/tex/latex/xcolor/xcolor.sty
Package: xcolor 2021/10/31 v2.13 LaTeX color extensions (UK)

(/usr/share/texlive/texmf-dist/tex/latex/graphics-cfg/color.cfg
File: color.cfg 2016/01/02 v1.6 sample color configuration
)
Package xcolor Info: Driver file: pdftex.def on input line 227.

(/usr/share/texlive/texmf-dist/tex/latex/graphics-def/pdftex.def
File: pdftex.def 2020/10/05 v1.2a Graphics/color driver for pdftex
)
Package xcolor Info: Model `cmy' substituted by `cmy0' on input line 1352.
Package xcolor Info: Model `hsb' substituted by `rgb' on input line 1356.
Package xcolor Info: Model `RGB' extended on input line 1368.
Package xcolor Info: Model `HTML' substituted by `rgb' on input line 1370.
Package xcolor Info: Model `Hsb' substituted by `hsb' on input line 1371.
Package xcolor Info: Model `tHsb' substituted by `hsb' on input line 1372.
Package xcolor Info: Model `HSB' substituted by `hsb' on input line 1373.
Package xcolor Info: Model `Gray' substituted by `gray' on input line 1374.
Package xcolor Info: Model `wave' substituted by `hsb' on input line 1375.
)
(/usr/share/texlive/texmf-dist/tex/latex/geometry/geometry.sty
Package: geometry 2020/01/02 v5.9 Page Geometry

(/usr/share/texlive/texmf-dist/tex/generic/iftex/ifvtex.sty
Package: ifvtex 2019/10/25 v1.7 ifvtex legacy package. Use iftex instead.
)
\Gm@cnth=\count274
\Gm@cntv=\count275
\c@Gm@tempcnt=\count276
\Gm@bindingoffset=\dimen149
\Gm@wd@mp=\dimen150
\Gm@odd@mp=\dimen151
\Gm@even@mp=\dimen152
\Gm@layoutwidth=\dimen153
\Gm@layoutheight=\dimen154
\Gm@layouthoffset=\dimen155
\Gm@layoutvoffset=\dimen156
\Gm@dimlist=\toks25
)
(/usr/share/texlive/texmf-dist/tex/latex/graphics/graphicx.sty
Package: graphicx 2021/09/16 v1.2d Enhanced LaTeX Graphics (DPC,SPQR)

(/usr/share/texlive/texmf-dist/tex/latex/graphics/graphics.sty
Package: graphics 2021/03/04 v1.4d Standard LaTeX Graphics (DPC,SPQR)

(/usr/share/texlive/texmf-dist/tex/latex/graphics/trig.sty
Package: trig 2021/08/11 v1.11 sin cos tan (DPC)
)
(/usr/share/texlive/texmf-dist/tex/latex/graphics-cfg/graphics.cfg
File: graphics.cfg 2016/06/04 v1.11 sample graphics configuration
)
Package graphics Info: Driver file: pdftex.def on input line 107.
)
\Gin@req@height=\dimen157
\Gin@req@width=\dimen158
)
\cslhangindent=\skip53
\csllabelwidth=\skip54
\cslentryspacingunit=\skip55

(/usr/share/texlive/texmf-dist/tex/latex/tools/calc.sty
Package: calc 2017/05/25 v4.3 Infix arithmetic (KKT,FJ)
\calc@Acount=\count277
\calc@Bcount=\count278
\calc@Adimen=\dimen159
\calc@Bdimen=\dimen160
\calc@Askip=\skip56
\calc@Bskip=\skip57
LaTeX Info: Redefining \setlength on input line 80.
LaTeX Info: Redefining \addtolength on input line 81.
\calc@Ccount=\count279
\calc@Cskip=\skip58
)
(/usr/share/texlive/texmf-dist/tex/latex/setspace/setspace.sty
Package: setspace 2011/12/19 v6.7a set line spacing
)
(/usr/share/texlive/texmf-dist/tex/latex/koma-script/scrextend.sty
Package: scrextend 2021/11/13 v3.35 KOMA-Script package (extend other classes w
ith features of KOMA-Script classes)

(/usr/share/texlive/texmf-dist/tex/latex/koma-script/scrkbase.sty
Package: scrkbase 2021/11/13 v3.35 KOMA-Script package (KOMA-Script-dependent b
asics and keyval usage)

(/usr/share/texlive/texmf-dist/tex/latex/koma-script/scrbase.sty
Package: scrbase 2021/11/13 v3.35 KOMA-Script package (KOMA-Script-independent 
basics and keyval usage)

(/usr/share/texlive/texmf-dist/tex/latex/koma-script/scrlfile.sty
Package: scrlfile 2021/11/13 v3.35 KOMA-Script package (file load hooks)

(/usr/share/texlive/texmf-dist/tex/latex/koma-script/scrlfile-hook.sty
Package: scrlfile-hook 2021/11/13 v3.35 KOMA-Script package (using LaTeX hooks)


(/usr/share/texlive/texmf-dist/tex/latex/koma-script/scrlogo.sty
Package: scrlogo 2021/11/13 v3.35 KOMA-Script package (logo)
)))
Applying: [2021/05/01] Usage of raw or classic option list on input line 252.
Already applied: [0000/00/00] Usage of raw or classic option list on input line
 368.
)))
Package scrextend Info: File `scrsize12pt.clo' used to setup font sizes on inpu
t line 82.

(/usr/share/texlive/texmf-dist/tex/latex/koma-script/scrsize12pt.clo
File: scrsize12pt.clo 2021/11/13 v3.35 KOMA-Script font size class option (12pt
)
)
(/usr/share/texlive/texmf-dist/tex/latex/lineno/lineno.sty
Package: lineno 2005/11/02 line numbers on paragraphs v4.41
\linenopenalty=\count280
\output=\toks26
\linenoprevgraf=\count281
\linenumbersep=\dimen161
\linenumberwidth=\dimen162
\c@linenumber=\count282
\c@pagewiselinenumber=\count283
\c@LN@truepage=\count284
\c@internallinenumber=\count285
\c@internallinenumbers=\count286
\quotelinenumbersep=\dimen163
\bframerule=\dimen164
\bframesep=\dimen165
\bframebox=\box53
LaTeX Info: Redefining \\ on input line 3056.
)
(/usr/share/texlive/texmf-dist/tex/latex/caption/caption.sty
Package: caption 2020/10/26 v3.5g Customizing captions (AR)

(/usr/share/texlive/texmf-dist/tex/latex/caption/caption3.sty
Package: caption3 2020/10/21 v2.2e caption3 kernel (AR)
\captionmargin=\dimen166
\captionmargin@=\dimen167
\captionwidth=\dimen168
\caption@tempdima=\dimen169
\caption@indent=\dimen170
\caption@parindent=\dimen171
\caption@hangindent=\dimen172
Package caption Info: Standard document class detected.
)
\c@caption@flags=\count287
\c@continuedfloat=\count288
)
(/usr/share/texlive/texmf-dist/tex/latex/tools/longtable.sty
Package: longtable 2021-09-01 v4.17 Multi-page Table package (DPC)
\LTleft=\skip59
\LTright=\skip60
\LTpre=\skip61
\LTpost=\skip62
\LTchunksize=\count289
\LTcapwidth=\dimen173
\LT@head=\box54
\LT@firsthead=\box55
\LT@foot=\box56
\LT@lastfoot=\box57
\LT@gbox=\box58
\LT@cols=\count290
\LT@rows=\count291
\c@LT@tables=\count292
\c@LT@chunks=\count293
\LT@p@ftn=\toks27
)
(/usr/share/texlive/texmf-dist/tex/latex/booktabs/booktabs.sty
Package: booktabs 2020/01/12 v1.61803398 Publication quality tables
\heavyrulewidth=\dimen174
\lightrulewidth=\dimen175
\cmidrulewidth=\dimen176
\belowrulesep=\dimen177
\belowbottomsep=\dimen178
\aboverulesep=\dimen179
\abovetopsep=\dimen180
\cmidrulesep=\dimen181
\cmidrulekern=\dimen182
\defaultaddspace=\dimen183
\@cmidla=\count294
\@cmidlb=\count295
\@aboverulesep=\dimen184
\@belowrulesep=\dimen185
\@thisruleclass=\count296
\@lastruleclass=\count297
\@thisrulewidth=\dimen186
)
(/usr/share/texlive/texmf-dist/tex/latex/bookmark/bookmark.sty
Package: bookmark 2020-11-06 v1.29 PDF bookmarks (HO)

(/usr/share/texlive/texmf-dist/tex/latex/hyperref/hyperref.sty
Package: hyperref 2021-06-07 v7.00m Hypertext links for LaTeX

(/usr/share/texlive/texmf-dist/tex/generic/pdftexcmds/pdftexcmds.sty
Package: pdftexcmds 2020-06-27 v0.33 Utility functions of pdfTeX for LuaTeX (HO
)

(/usr/share/texlive/texmf-dist/tex/generic/infwarerr/infwarerr.sty
Package: infwarerr 2019/12/03 v1.5 Providing info/warning/error messages (HO)
)
Package pdftexcmds Info: \pdf@primitive is available.
Package pdftexcmds Info: \pdf@ifprimitive is available.
Package pdftexcmds Info: \pdfdraftmode found.
)
(/usr/share/texlive/texmf-dist/tex/generic/kvdefinekeys/kvdefinekeys.sty
Package: kvdefinekeys 2019-12-19 v1.6 Define keys (HO)
)
(/usr/share/texlive/texmf-dist/tex/generic/pdfescape/pdfescape.sty
Package: pdfescape 2019/12/09 v1.15 Implements pdfTeX's escape features (HO)
)
(/usr/share/texlive/texmf-dist/tex/latex/hycolor/hycolor.sty
Package: hycolor 2020-01-27 v1.10 Color options for hyperref/bookmark (HO)
)
(/usr/share/texlive/texmf-dist/tex/latex/letltxmacro/letltxmacro.sty
Package: letltxmacro 2019/12/03 v1.6 Let assignment for LaTeX macros (HO)
)
(/usr/share/texlive/texmf-dist/tex/latex/auxhook/auxhook.sty
Package: auxhook 2019-12-17 v1.6 Hooks for auxiliary files (HO)
)
\@linkdim=\dimen187
\Hy@linkcounter=\count298
\Hy@pagecounter=\count299

(/usr/share/texlive/texmf-dist/tex/latex/hyperref/pd1enc.def
File: pd1enc.def 2021-06-07 v7.00m Hyperref: PDFDocEncoding definition (HO)
Now handling font encoding PD1 ...
... no UTF-8 mapping file for font encoding PD1
)
(/usr/share/texlive/texmf-dist/tex/latex/hyperref/hyperref-langpatches.def
File: hyperref-langpatches.def 2021-06-07 v7.00m Hyperref: patches for babel la
nguages
)
(/usr/share/texlive/texmf-dist/tex/generic/intcalc/intcalc.sty
Package: intcalc 2019/12/15 v1.3 Expandable calculations with integers (HO)
)
(/usr/share/texlive/texmf-dist/tex/generic/etexcmds/etexcmds.sty
Package: etexcmds 2019/12/15 v1.7 Avoid name clashes with e-TeX commands (HO)
)
\Hy@SavedSpaceFactor=\count300

(/usr/share/texlive/texmf-dist/tex/latex/hyperref/puenc.def
File: puenc.def 2021-06-07 v7.00m Hyperref: PDF Unicode definition (HO)
Now handling font encoding PU ...
... no UTF-8 mapping file for font encoding PU
)
Package hyperref Info: Option `unicode' set `true' on input line 4073.
Package hyperref Info: Hyper figures OFF on input line 4192.
Package hyperref Info: Link nesting OFF on input line 4197.
Package hyperref Info: Hyper index ON on input line 4200.
Package hyperref Info: Plain pages OFF on input line 4207.
Package hyperref Info: Backreferencing OFF on input line 4212.
Package hyperref Info: Implicit mode ON; LaTeX internals redefined.
Package hyperref Info: Bookmarks ON on input line 4445.
\c@Hy@tempcnt=\count301

(/usr/share/texlive/texmf-dist/tex/latex/url/url.sty
\Urlmuskip=\muskip17
Package: url 2013/09/16  ver 3.4  Verb mode for urls, etc.
)
LaTeX Info: Redefining \url on input line 4804.
\XeTeXLinkMargin=\dimen188

(/usr/share/texlive/texmf-dist/tex/generic/bitset/bitset.sty
Package: bitset 2019/12/09 v1.3 Handle bit-vector datatype (HO)

(/usr/share/texlive/texmf-dist/tex/generic/bigintcalc/bigintcalc.sty
Package: bigintcalc 2019/12/15 v1.5 Expandable calculations on big integers (HO
)
))
\Fld@menulength=\count302
\Field@Width=\dimen189
\Fld@charsize=\dimen190
Package hyperref Info: Hyper figures OFF on input line 6076.
Package hyperref Info: Link nesting OFF on input line 6081.
Package hyperref Info: Hyper index ON on input line 6084.
Package hyperref Info: backreferencing OFF on input line 6091.
Package hyperref Info: Link coloring OFF on input line 6096.
Package hyperref Info: Link coloring with OCG OFF on input line 6101.
Package hyperref Info: PDF/A mode OFF on input line 6106.
LaTeX Info: Redefining \ref on input line 6146.
LaTeX Info: Redefining \pageref on input line 6150.

(/usr/share/texlive/texmf-dist/tex/latex/base/atbegshi-ltx.sty
Package: atbegshi-ltx 2021/01/10 v1.0c Emulation of the original atbegshi
package with kernel methods
)
\Hy@abspage=\count303
\c@Item=\count304
\c@Hfootnote=\count305
)
Package hyperref Info: Driver (autodetected): hpdftex.

(/usr/share/texlive/texmf-dist/tex/latex/hyperref/hpdftex.def
File: hpdftex.def 2021-06-07 v7.00m Hyperref driver for pdfTeX

(/usr/share/texlive/texmf-dist/tex/latex/base/atveryend-ltx.sty
Package: atveryend-ltx 2020/08/19 v1.0a Emulation of the original atveryend pac
kage
with kernel methods
)
\Fld@listcount=\count306
\c@bookmark@seq@number=\count307

(/usr/share/texlive/texmf-dist/tex/latex/rerunfilecheck/rerunfilecheck.sty
Package: rerunfilecheck 2019/12/05 v1.9 Rerun checks for auxiliary files (HO)

(/usr/share/texlive/texmf-dist/tex/generic/uniquecounter/uniquecounter.sty
Package: uniquecounter 2019/12/15 v1.4 Provide unlimited unique counter (HO)
)
Package uniquecounter Info: New unique counter `rerunfilecheck' on input line 2
86.
)
\Hy@SectionHShift=\skip63
)
(/usr/share/texlive/texmf-dist/tex/latex/bookmark/bkm-pdftex.def
File: bkm-pdftex.def 2020-11-06 v1.29 bookmark driver for pdfTeX (HO)
\BKM@id=\count308
))
(/usr/share/texlive/texmf-dist/tex/latex/xurl/xurl.sty
Package: xurl 2022/01/09 v 0.10 modify URL breaks
)
LaTeX Font Info:    Trying to load font information for T1+lmr on input line 99
.

(/usr/share/texmf/tex/latex/lm/t1lmr.fd
File: t1lmr.fd 2009/10/30 v1.6 Font defs for Latin Modern
)
(/usr/share/texlive/texmf-dist/tex/latex/l3backend/l3backend-pdftex.def
File: l3backend-pdftex.def 2022-01-12 L3 backend support: PDF output (pdfTeX)
\l__color_backend_stack_int=\count309
\l__pdf_internal_box=\box59
)
(./modes_mouse_rev1b.aux)
\openout1 = `modes_mouse_rev1b.aux'.

LaTeX Font Info:    Checking defaults for OML/cmm/m/it on input line 99.
LaTeX Font Info:    ... okay on input line 99.
LaTeX Font Info:    Checking defaults for OMS/cmsy/m/n on input line 99.
LaTeX Font Info:    ... okay on input line 99.
LaTeX Font Info:    Checking defaults for OT1/cmr/m/n on input line 99.
LaTeX Font Info:    ... okay on input line 99.
LaTeX Font Info:    Checking defaults for T1/cmr/m/n on input line 99.
LaTeX Font Info:    ... okay on input line 99.
LaTeX Font Info:    Checking defaults for TS1/cmr/m/n on input line 99.
LaTeX Font Info:    ... okay on input line 99.
LaTeX Font Info:    Checking defaults for OMX/cmex/m/n on input line 99.
LaTeX Font Info:    ... okay on input line 99.
LaTeX Font Info:    Checking defaults for U/cmr/m/n on input line 99.
LaTeX Font Info:    ... okay on input line 99.
LaTeX Font Info:    Checking defaults for PD1/pdf/m/n on input line 99.
LaTeX Font Info:    ... okay on input line 99.
LaTeX Font Info:    Checking defaults for PU/pdf/m/n on input line 99.
LaTeX Font Info:    ... okay on input line 99.
LaTeX Info: Redefining \microtypecontext on input line 99.
Package microtype Info: Applying patch `item' on input line 99.
Package microtype Info: Applying patch `toc' on input line 99.
Package microtype Info: Applying patch `eqnum' on input line 99.
Package microtype Info: Applying patch `footnote' on input line 99.
Package microtype Info: Generating PDF output.
Package microtype Info: Character protrusion enabled (level 2).
Package microtype Info: Using protrusion set `basicmath'.
Package microtype Info: Automatic font expansion enabled (level 2),
(microtype)             stretch: 20, shrink: 20, step: 1, non-selected.
Package microtype Info: Using default expansion set `alltext-nott'.
LaTeX Info: Redefining \showhyphens on input line 99.
Package microtype Info: No adjustment of tracking.
Package microtype Info: No adjustment of interword spacing.
Package microtype Info: No adjustment of character kerning.

(/usr/share/texlive/texmf-dist/tex/latex/microtype/mt-cmr.cfg
File: mt-cmr.cfg 2013/05/19 v2.2 microtype config. file: Computer Modern Roman 
(RS)
)
(/usr/share/texlive/texmf-dist/tex/context/base/mkii/supp-pdf.mkii
[Loading MPS to PDF converter (version 2006.09.02).]
\scratchcounter=\count310
\scratchdimen=\dimen191
\scratchbox=\box60
\nofMPsegments=\count311
\nofMParguments=\count312
\everyMPshowfont=\toks28
\MPscratchCnt=\count313
\MPscratchDim=\dimen192
\MPnumerator=\count314
\makeMPintoPDFobject=\count315
\everyMPtoPDFconversion=\toks29
) (/usr/share/texlive/texmf-dist/tex/latex/epstopdf-pkg/epstopdf-base.sty
Package: epstopdf-base 2020-01-24 v2.11 Base part for package epstopdf
Package epstopdf-base Info: Redefining graphics rule for `.eps' on input line 4
85.

(/usr/share/texlive/texmf-dist/tex/latex/latexconfig/epstopdf-sys.cfg
File: epstopdf-sys.cfg 2010/07/13 v1.3 Configuration of (r)epstopdf for TeX Liv
e
))
*geometry* driver: auto-detecting
*geometry* detected driver: pdftex
*geometry* verbose mode - [ preamble ] result:
* driver: pdftex
* paper: <default>
* layout: <same size as paper>
* layoutoffset:(h,v)=(0.0pt,0.0pt)
* modes: 
* h-part:(L,W,R)=(72.26999pt, 469.75502pt, 72.26999pt)
* v-part:(T,H,B)=(72.26999pt, 650.43001pt, 72.26999pt)
* \paperwidth=614.295pt
* \paperheight=794.96999pt
* \textwidth=469.75502pt
* \textheight=650.43001pt
* \oddsidemargin=0.0pt
* \evensidemargin=0.0pt
* \topmargin=-37.0pt
* \headheight=12.0pt
* \headsep=25.0pt
* \topskip=10.0pt
* \footskip=30.0pt
* \marginparwidth=65.0pt
* \marginparsep=11.0pt
* \columnsep=10.0pt
* \skip\footins=10.8pt plus 4.0pt minus 2.0pt
* \hoffset=0.0pt
* \voffset=0.0pt
* \mag=1000
* \@twocolumnfalse
* \@twosidefalse
* \@mparswitchfalse
* \@reversemarginfalse
* (1in=72.27pt=25.4mm, 1cm=28.453pt)

Package caption Info: Begin \AtBeginDocument code.
Package caption Info: hyperref package is loaded.
Package caption Info: longtable package is loaded.
(/usr/share/texlive/texmf-dist/tex/latex/caption/ltcaption.sty
Package: ltcaption 2020/05/30 v1.4b longtable captions (AR)
)
Package caption Info: End \AtBeginDocument code.
Package hyperref Info: Link coloring OFF on input line 99.

(/usr/share/texlive/texmf-dist/tex/latex/hyperref/nameref.sty
Package: nameref 2021-04-02 v2.47 Cross-referencing by name of section

(/usr/share/texlive/texmf-dist/tex/latex/refcount/refcount.sty
Package: refcount 2019/12/15 v3.6 Data extraction from label references (HO)
)
(/usr/share/texlive/texmf-dist/tex/generic/gettitlestring/gettitlestring.sty
Package: gettitlestring 2019/12/15 v1.6 Cleanup title references (HO)
)
\c@section@level=\count316
)
LaTeX Info: Redefining \ref on input line 99.
LaTeX Info: Redefining \pageref on input line 99.
LaTeX Info: Redefining \nameref on input line 99.

Underfull \hbox (badness 10000) in paragraph at lines 104--106

 []

LaTeX Font Info:    Trying to load font information for OT1+lmr on input line 1
09.
(/usr/share/texmf/tex/latex/lm/ot1lmr.fd
File: ot1lmr.fd 2009/10/30 v1.6 Font defs for Latin Modern
)
LaTeX Font Info:    Trying to load font information for OML+lmm on input line 1
09.

(/usr/share/texmf/tex/latex/lm/omllmm.fd
File: omllmm.fd 2009/10/30 v1.6 Font defs for Latin Modern
)
LaTeX Font Info:    Trying to load font information for OMS+lmsy on input line 
109.

(/usr/share/texmf/tex/latex/lm/omslmsy.fd
File: omslmsy.fd 2009/10/30 v1.6 Font defs for Latin Modern
)
LaTeX Font Info:    Trying to load font information for OMX+lmex on input line 
109.

(/usr/share/texmf/tex/latex/lm/omxlmex.fd
File: omxlmex.fd 2009/10/30 v1.6 Font defs for Latin Modern
)
LaTeX Font Info:    External font `lmex10' loaded for size
(Font)              <12> on input line 109.
LaTeX Font Info:    External font `lmex10' loaded for size
(Font)              <8> on input line 109.
LaTeX Font Info:    External font `lmex10' loaded for size
(Font)              <6> on input line 109.
LaTeX Font Info:    Trying to load font information for U+msa on input line 109
.

(/usr/share/texlive/texmf-dist/tex/latex/amsfonts/umsa.fd
File: umsa.fd 2013/01/14 v3.01 AMS symbols A
)
(/usr/share/texlive/texmf-dist/tex/latex/microtype/mt-msa.cfg
File: mt-msa.cfg 2006/02/04 v1.1 microtype config. file: AMS symbols (a) (RS)
)
LaTeX Font Info:    Trying to load font information for U+msb on input line 109
.

(/usr/share/texlive/texmf-dist/tex/latex/amsfonts/umsb.fd
File: umsb.fd 2013/01/14 v3.01 AMS symbols B
)
(/usr/share/texlive/texmf-dist/tex/latex/microtype/mt-msb.cfg
File: mt-msb.cfg 2005/06/01 v1.0 microtype config. file: AMS symbols (b) (RS)
)
Underfull \hbox (badness 10000) in paragraph at lines 114--126

 []


Underfull \hbox (badness 10000) in paragraph at lines 129--132

 []

[1

{/var/lib/texmf/fonts/map/pdftex/updmap/pdftex.map}]
LaTeX Font Info:    Trying to load font information for T1+lmss on input line 1
38.

(/usr/share/texmf/tex/latex/lm/t1lmss.fd
File: t1lmss.fd 2009/10/30 v1.6 Font defs for Latin Modern
)
Underfull \hbox (badness 10000) in paragraph at lines 163--164

 []

[2] [3]
LaTeX Font Info:    Trying to load font information for TS1+lmr on input line 2
41.
 (/usr/share/texmf/tex/latex/lm/ts1lmr.fd
File: ts1lmr.fd 2009/10/30 v1.6 Font defs for Latin Modern
) [4] [5] [6] [7] [8] [9]
[10] [11] [12] [13] [14] [15] [16] [17] [18] [19] [20] [21] [22] [23] [24]
[25] [26] [27] [28] [29] [30] [31] [32] [33] [34] [35] [36] [37]
Underfull \hbox (badness 1472) in paragraph at lines 1575--1581
[]\T1/lmr/m/n/12 (+20) We used the Broyden--Fletcher--Goldfarb--Shanno al-go-ri
thm in max-i-mum like-li-hood
 []

[38] [39] [40]

LaTeX Warning: Command \textpm invalid in math mode on input line 1709.


LaTeX Warning: Command \textpm invalid in math mode on input line 1709.

[41] [42] [43] [44]
<modes_mouse_rev1b_files/figure-latex/Figure_1-1.pdf, id=293, 465.74pt x 319.19
25pt>
File: modes_mouse_rev1b_files/figure-latex/Figure_1-1.pdf Graphic file (type pd
f)
<use modes_mouse_rev1b_files/figure-latex/Figure_1-1.pdf>
Package pdftex.def Info: modes_mouse_rev1b_files/figure-latex/Figure_1-1.pdf  u
sed on input line 1819.
(pdftex.def)             Requested size: 465.73886pt x 319.19171pt.
 [45 <./modes_mouse_rev1b_files/figure-latex/Figure_1-1.pdf>] [46]
<modes_mouse_rev1b_files/figure-latex/Figure_2-1.pdf, id=316, 465.74pt x 320.19
624pt>
File: modes_mouse_rev1b_files/figure-latex/Figure_2-1.pdf Graphic file (type pd
f)
<use modes_mouse_rev1b_files/figure-latex/Figure_2-1.pdf>
Package pdftex.def Info: modes_mouse_rev1b_files/figure-latex/Figure_2-1.pdf  u
sed on input line 1868.
(pdftex.def)             Requested size: 465.74596pt x 320.20033pt.
 [47 <./modes_mouse_rev1b_files/figure-latex/Figure_2-1.pdf>] [48]
<modes_mouse_rev1b_files/figure-latex/Figure_3-1.pdf, id=346, 465.74pt x 320.19
624pt>
File: modes_mouse_rev1b_files/figure-latex/Figure_3-1.pdf Graphic file (type pd
f)
<use modes_mouse_rev1b_files/figure-latex/Figure_3-1.pdf>
Package pdftex.def Info: modes_mouse_rev1b_files/figure-latex/Figure_3-1.pdf  u
sed on input line 1957.
(pdftex.def)             Requested size: 465.74596pt x 320.20033pt.

[49 <./modes_mouse_rev1b_files/figure-latex/Figure_3-1.pdf>] [50] [51]
<modes_mouse_rev1b_files/figure-latex/Figure_4-1.pdf, id=380, 465.74pt x 320.19
624pt>
File: modes_mouse_rev1b_files/figure-latex/Figure_4-1.pdf Graphic file (type pd
f)
<use modes_mouse_rev1b_files/figure-latex/Figure_4-1.pdf>
Package pdftex.def Info: modes_mouse_rev1b_files/figure-latex/Figure_4-1.pdf  u
sed on input line 2036.
(pdftex.def)             Requested size: 465.74596pt x 320.20033pt.
 [52 <./modes_mouse_rev1b_files/figure-latex/Figure_4-1.pdf>] [53] [54] [55] [5
6]
[57] [58] [59] [60] [61]
<modes_mouse_rev1b_files/figure-latex/Supplememtal_Figure_S1-1.pdf, id=464, 466
.74374pt x 320.19624pt>
File: modes_mouse_rev1b_files/figure-latex/Supplememtal_Figure_S1-1.pdf Graphic
 file (type pdf)
<use modes_mouse_rev1b_files/figure-latex/Supplememtal_Figure_S1-1.pdf>
Package pdftex.def Info: modes_mouse_rev1b_files/figure-latex/Supplememtal_Figu
re_S1-1.pdf  used on input line 2457.
(pdftex.def)             Requested size: 466.74971pt x 320.20033pt.
 [62 <./modes_mouse_rev1b_files/figure-latex/Supplememtal_Figure_S1-1.pdf>] [63
]
<modes_mouse_rev1b_files/figure-latex/Supplememtal_Figure_S2-1.pdf, id=490, 465
.74pt x 320.19624pt>
File: modes_mouse_rev1b_files/figure-latex/Supplememtal_Figure_S2-1.pdf Graphic
 file (type pdf)
<use modes_mouse_rev1b_files/figure-latex/Supplememtal_Figure_S2-1.pdf>
Package pdftex.def Info: modes_mouse_rev1b_files/figure-latex/Supplememtal_Figu
re_S2-1.pdf  used on input line 2488.
(pdftex.def)             Requested size: 465.74596pt x 320.20033pt.
 [64 <./modes_mouse_rev1b_files/figure-latex/Supplememtal_Figure_S2-1.pdf>] [65
] [66]
<modes_mouse_rev1b_files/figure-latex/Supplememtal_Figure_S3-1.pdf, id=518, 465
.74pt x 320.19624pt>
File: modes_mouse_rev1b_files/figure-latex/Supplememtal_Figure_S3-1.pdf Graphic
 file (type pdf)
<use modes_mouse_rev1b_files/figure-latex/Supplememtal_Figure_S3-1.pdf>
Package pdftex.def Info: modes_mouse_rev1b_files/figure-latex/Supplememtal_Figu
re_S3-1.pdf  used on input line 2560.
(pdftex.def)             Requested size: 465.74596pt x 320.20033pt.
 [67 <./modes_mouse_rev1b_files/figure-latex/Supplememtal_Figure_S3-1.pdf>] [68
]
<modes_mouse_rev1b_files/figure-latex/Supplememtal_Figure_S4-1.pdf, id=542, 465
.74pt x 320.19624pt>
File: modes_mouse_rev1b_files/figure-latex/Supplememtal_Figure_S4-1.pdf Graphic
 file (type pdf)
<use modes_mouse_rev1b_files/figure-latex/Supplememtal_Figure_S4-1.pdf>
Package pdftex.def Info: modes_mouse_rev1b_files/figure-latex/Supplememtal_Figu
re_S4-1.pdf  used on input line 2595.
(pdftex.def)             Requested size: 465.74596pt x 320.20033pt.
 [69 <./modes_mouse_rev1b_files/figure-latex/Supplememtal_Figure_S4-1.pdf>] [70
]
<modes_mouse_rev1b_files/figure-latex/Supplemental_Figure_S5-1.pdf, id=568, 465
.74pt x 320.19624pt>
File: modes_mouse_rev1b_files/figure-latex/Supplemental_Figure_S5-1.pdf Graphic
 file (type pdf)
<use modes_mouse_rev1b_files/figure-latex/Supplemental_Figure_S5-1.pdf>
Package pdftex.def Info: modes_mouse_rev1b_files/figure-latex/Supplemental_Figu
re_S5-1.pdf  used on input line 2633.
(pdftex.def)             Requested size: 465.74596pt x 320.20033pt.
 [71 <./modes_mouse_rev1b_files/figure-latex/Supplemental_Figure_S5-1.pdf>] [72
]
<modes_mouse_rev1b_files/figure-latex/Supplemental_Figure_S6-1.pdf, id=589, 464
.73625pt x 320.19624pt>
File: modes_mouse_rev1b_files/figure-latex/Supplemental_Figure_S6-1.pdf Graphic
 file (type pdf)
<use modes_mouse_rev1b_files/figure-latex/Supplemental_Figure_S6-1.pdf>
Package pdftex.def Info: modes_mouse_rev1b_files/figure-latex/Supplemental_Figu
re_S6-1.pdf  used on input line 2661.
(pdftex.def)             Requested size: 464.74219pt x 320.20033pt.
 [73 <./modes_mouse_rev1b_files/figure-latex/Supplemental_Figure_S6-1.pdf>] [74
]
<modes_mouse_rev1b_files/figure-latex/Supplemental_Figure_S7-1.pdf, id=612, 463
.7325pt x 320.19624pt>
File: modes_mouse_rev1b_files/figure-latex/Supplemental_Figure_S7-1.pdf Graphic
 file (type pdf)
<use modes_mouse_rev1b_files/figure-latex/Supplemental_Figure_S7-1.pdf>
Package pdftex.def Info: modes_mouse_rev1b_files/figure-latex/Supplemental_Figu
re_S7-1.pdf  used on input line 2716.
(pdftex.def)             Requested size: 463.73842pt x 320.20033pt.
 [75 <./modes_mouse_rev1b_files/figure-latex/Supplemental_Figure_S7-1.pdf>] [76
]
<modes_mouse_rev1b_files/figure-latex/Supplemental_Figure_S8-1.pdf, id=634, 465
.74pt x 319.1925pt>
File: modes_mouse_rev1b_files/figure-latex/Supplemental_Figure_S8-1.pdf Graphic
 file (type pdf)
<use modes_mouse_rev1b_files/figure-latex/Supplemental_Figure_S8-1.pdf>
Package pdftex.def Info: modes_mouse_rev1b_files/figure-latex/Supplemental_Figu
re_S8-1.pdf  used on input line 2771.
(pdftex.def)             Requested size: 465.73886pt x 319.19171pt.
 [77 <./modes_mouse_rev1b_files/figure-latex/Supplemental_Figure_S8-1.pdf>]
<modes_mouse_rev1b_files/figure-latex/Supplemental_Figure_S9-1.pdf, id=653, 467
.7475pt x 320.19624pt>
File: modes_mouse_rev1b_files/figure-latex/Supplemental_Figure_S9-1.pdf Graphic
 file (type pdf)
<use modes_mouse_rev1b_files/figure-latex/Supplemental_Figure_S9-1.pdf>
Package pdftex.def Info: modes_mouse_rev1b_files/figure-latex/Supplemental_Figu
re_S9-1.pdf  used on input line 2796.
(pdftex.def)             Requested size: 467.75346pt x 320.20033pt.

Underfull \hbox (badness 10000) in paragraph at lines 2796--2799
[]
 []

[78 <./modes_mouse_rev1b_files/figure-latex/Supplemental_Figure_S9-1.pdf>]
[79]
<modes_mouse_rev1b_files/figure-latex/Supplemental_Figure_S10-1.pdf, id=675, 46
5.74pt x 320.19624pt>
File: modes_mouse_rev1b_files/figure-latex/Supplemental_Figure_S10-1.pdf Graphi
c file (type pdf)
<use modes_mouse_rev1b_files/figure-latex/Supplemental_Figure_S10-1.pdf>
Package pdftex.def Info: modes_mouse_rev1b_files/figure-latex/Supplemental_Figu
re_S10-1.pdf  used on input line 2832.
(pdftex.def)             Requested size: 465.74596pt x 320.20033pt.
 [80 <./modes_mouse_rev1b_files/figure-latex/Supplemental_Figure_S10-1.pdf>] [8
1] [82]
<modes_mouse_rev1b_files/figure-latex/Supplemental_Figure_S11-1.pdf, id=709, 46
5.74pt x 320.19624pt>
File: modes_mouse_rev1b_files/figure-latex/Supplemental_Figure_S11-1.pdf Graphi
c file (type pdf)
<use modes_mouse_rev1b_files/figure-latex/Supplemental_Figure_S11-1.pdf>
Package pdftex.def Info: modes_mouse_rev1b_files/figure-latex/Supplemental_Figu
re_S11-1.pdf  used on input line 2924.
(pdftex.def)             Requested size: 465.74596pt x 320.20033pt.
 [83 <./modes_mouse_rev1b_files/figure-latex/Supplemental_Figure_S11-1.pdf>] [8
4] [85]
<modes_mouse_rev1b_files/figure-latex/Supplemental_Figure_S12-1.pdf, id=744, 46
5.74pt x 320.19624pt>
File: modes_mouse_rev1b_files/figure-latex/Supplemental_Figure_S12-1.pdf Graphi
c file (type pdf)
<use modes_mouse_rev1b_files/figure-latex/Supplemental_Figure_S12-1.pdf>
Package pdftex.def Info: modes_mouse_rev1b_files/figure-latex/Supplemental_Figu
re_S12-1.pdf  used on input line 3009.
(pdftex.def)             Requested size: 465.74596pt x 320.20033pt.
 [86 <./modes_mouse_rev1b_files/figure-latex/Supplemental_Figure_S12-1.pdf>] [8
7] [88]
<modes_mouse_rev1b_files/figure-latex/Supplemental_Figure_13-1.pdf, id=779, 465
.74pt x 320.19624pt>
File: modes_mouse_rev1b_files/figure-latex/Supplemental_Figure_13-1.pdf Graphic
 file (type pdf)
<use modes_mouse_rev1b_files/figure-latex/Supplemental_Figure_13-1.pdf>
Package pdftex.def Info: modes_mouse_rev1b_files/figure-latex/Supplemental_Figu
re_13-1.pdf  used on input line 3095.
(pdftex.def)             Requested size: 465.74596pt x 320.20033pt.
 [89 <./modes_mouse_rev1b_files/figure-latex/Supplemental_Figure_13-1.pdf>] [90
] [91]
<modes_mouse_rev1b_files/figure-latex/Supplemental_Figure_S14-1.pdf, id=814, 46
5.74pt x 320.19624pt>
File: modes_mouse_rev1b_files/figure-latex/Supplemental_Figure_S14-1.pdf Graphi
c file (type pdf)
<use modes_mouse_rev1b_files/figure-latex/Supplemental_Figure_S14-1.pdf>
Package pdftex.def Info: modes_mouse_rev1b_files/figure-latex/Supplemental_Figu
re_S14-1.pdf  used on input line 3181.
(pdftex.def)             Requested size: 465.74596pt x 320.20033pt.
 [92 <./modes_mouse_rev1b_files/figure-latex/Supplemental_Figure_S14-1.pdf>] [9
3] [94]
LaTeX Font Info:    External font `lmex10' loaded for size
(Font)              <7> on input line 3319.
LaTeX Font Info:    External font `lmex10' loaded for size
(Font)              <5> on input line 3319.
 [95] [96] [97] [98]

LaTeX Warning: Command \textpm invalid in math mode on input line 3463.


LaTeX Warning: Command \textpm invalid in math mode on input line 3463.


LaTeX Warning: Command \textpm invalid in math mode on input line 3466.


LaTeX Warning: Command \textpm invalid in math mode on input line 3466.

[99] [100] [101] [102] [103] [104] [105] [106] [107] [108] [109]
<./Material/model_space.png, id=937, 446.8695pt x 103.1855pt>
File: ./Material/model_space.png Graphic file (type png)
<use ./Material/model_space.png>
Package pdftex.def Info: ./Material/model_space.png  used on input line 3918.
(pdftex.def)             Requested size: 446.88885pt x 103.18996pt.
 [110] [111 <./Material/model_space.png>] [112] [113] [114]
<modes_mouse_rev1b_files/figure-latex/Supplemental_Figure_S9_print-1.pdf, id=96
1, 467.7475pt x 320.19624pt>
File: modes_mouse_rev1b_files/figure-latex/Supplemental_Figure_S9_print-1.pdf G
raphic file (type pdf)
<use modes_mouse_rev1b_files/figure-latex/Supplemental_Figure_S9_print-1.pdf>
Package pdftex.def Info: modes_mouse_rev1b_files/figure-latex/Supplemental_Figu
re_S9_print-1.pdf  used on input line 4107.
(pdftex.def)             Requested size: 467.75346pt x 320.20033pt.
 [115 <./modes_mouse_rev1b_files/figure-latex/Supplemental_Figure_S9_print-1.pd
f>] [116] [117] [118] [119]
[120] [121] [122] [123] [124] [125] [126] [127] [128] [129] [130] [131]
[132] [133] [134] [135] [136] [137] [138] [139] [140] [141] [142] [143]
[144] [145] [146]
<modes_mouse_rev1b_files/figure-latex/Supplemental_Figure_S14_print-1.pdf, id=1
149, 465.74pt x 320.19624pt>
File: modes_mouse_rev1b_files/figure-latex/Supplemental_Figure_S14_print-1.pdf 
Graphic file (type pdf)
<use modes_mouse_rev1b_files/figure-latex/Supplemental_Figure_S14_print-1.pdf>
Package pdftex.def Info: modes_mouse_rev1b_files/figure-latex/Supplemental_Figu
re_S14_print-1.pdf  used on input line 5408.
(pdftex.def)             Requested size: 465.74596pt x 320.20033pt.

Overfull \hbox (140.97865pt too wide) in paragraph at lines 5407--5409
[]\T1/lmr/bx/n/12 (-20) Supplemental Fig-ure S14 [] 
 []

[147 <./modes_mouse_rev1b_files/figure-latex/Supplemental_Figure_S14_print-1.pd
f>] [148] [149] [150] [151] [152] [153] [154] [155] [156]
Underfull \hbox (badness 10000) in paragraph at lines 5803--5809

 []


Underfull \hbox (badness 10000) in paragraph at lines 5810--5816

 []


Underfull \hbox (badness 10000) in paragraph at lines 5817--5823

 []


Underfull \hbox (badness 10000) in paragraph at lines 5824--5831

 []


Underfull \hbox (badness 10000) in paragraph at lines 5832--5837

 []


Underfull \hbox (badness 10000) in paragraph at lines 5838--5844

 []


Underfull \hbox (badness 10000) in paragraph at lines 5845--5851

 []


Underfull \hbox (badness 10000) in paragraph at lines 5852--5858

 []


Underfull \hbox (badness 10000) in paragraph at lines 5859--5865

 []


Underfull \hbox (badness 10000) in paragraph at lines 5866--5871

 []


Underfull \hbox (badness 10000) in paragraph at lines 5872--5879

 []


Underfull \hbox (badness 10000) in paragraph at lines 5880--5886

 []

[157]
Underfull \hbox (badness 10000) in paragraph at lines 5887--5892

 []


Underfull \hbox (badness 10000) in paragraph at lines 5893--5899

 []


Underfull \hbox (badness 10000) in paragraph at lines 5900--5906

 []


Underfull \hbox (badness 10000) in paragraph at lines 5907--5914

 []


Underfull \hbox (badness 10000) in paragraph at lines 5915--5921

 []


Underfull \hbox (badness 10000) in paragraph at lines 5922--5928

 []


Underfull \hbox (badness 10000) in paragraph at lines 5929--5935

 []


Underfull \hbox (badness 10000) in paragraph at lines 5936--5941

 []


Underfull \hbox (badness 10000) in paragraph at lines 5942--5948

 []


Underfull \hbox (badness 10000) in paragraph at lines 5949--5954

 []


Underfull \hbox (badness 10000) in paragraph at lines 5955--5961

 []


Underfull \hbox (badness 10000) in paragraph at lines 5962--5969

 []

[158]
Underfull \hbox (badness 10000) in paragraph at lines 5970--5978

 []


Underfull \hbox (badness 10000) in paragraph at lines 5979--5984

 []


Underfull \hbox (badness 10000) in paragraph at lines 5985--5991

 []


Underfull \hbox (badness 10000) in paragraph at lines 5992--5998

 []


Underfull \hbox (badness 10000) in paragraph at lines 5999--6005

 []


Underfull \hbox (badness 10000) in paragraph at lines 6006--6012

 []


Underfull \hbox (badness 10000) in paragraph at lines 6013--6020

 []


Underfull \hbox (badness 10000) in paragraph at lines 6021--6026

 []


Underfull \hbox (badness 10000) in paragraph at lines 6027--6034

 []


Underfull \hbox (badness 10000) in paragraph at lines 6035--6041

 []


Underfull \hbox (badness 10000) in paragraph at lines 6042--6047

 []

[159]
Underfull \hbox (badness 10000) in paragraph at lines 6048--6054

 []


Underfull \hbox (badness 10000) in paragraph at lines 6055--6061

 []


Underfull \hbox (badness 10000) in paragraph at lines 6062--6067

 []


Underfull \hbox (badness 10000) in paragraph at lines 6068--6074

 []


Underfull \hbox (badness 10000) in paragraph at lines 6075--6081

 []


Underfull \hbox (badness 10000) in paragraph at lines 6082--6088

 []


Underfull \hbox (badness 10000) in paragraph at lines 6089--6095

 []


Underfull \hbox (badness 10000) in paragraph at lines 6096--6102

 []


Underfull \hbox (badness 10000) in paragraph at lines 6103--6109

 []


Underfull \hbox (badness 10000) in paragraph at lines 6110--6116

 []


Underfull \hbox (badness 10000) in paragraph at lines 6117--6124

 []


Underfull \hbox (badness 10000) in paragraph at lines 6125--6131

 []

[160]
Underfull \hbox (badness 10000) in paragraph at lines 6132--6137

 []


Underfull \hbox (badness 10000) in paragraph at lines 6138--6145

 []


Underfull \hbox (badness 10000) in paragraph at lines 6146--6153

 []


Underfull \hbox (badness 10000) in paragraph at lines 6154--6160

 []


Underfull \hbox (badness 10000) in paragraph at lines 6161--6168

 []


Underfull \hbox (badness 10000) in paragraph at lines 6169--6175

 []


Underfull \hbox (badness 10000) in paragraph at lines 6176--6182

 []


Underfull \hbox (badness 10000) in paragraph at lines 6183--6189

 []


Underfull \hbox (badness 10000) in paragraph at lines 6190--6196

 []


Underfull \hbox (badness 10000) in paragraph at lines 6197--6203

 []


Underfull \hbox (badness 10000) in paragraph at lines 6204--6209

 []

[161]
Underfull \hbox (badness 10000) in paragraph at lines 6210--6216

 []


Underfull \hbox (badness 10000) in paragraph at lines 6217--6224

 []


Underfull \hbox (badness 10000) in paragraph at lines 6225--6231

 []


Underfull \hbox (badness 10000) in paragraph at lines 6232--6238

 []


Underfull \hbox (badness 10000) in paragraph at lines 6239--6244

 []


Underfull \hbox (badness 10000) in paragraph at lines 6245--6251

 []


Underfull \hbox (badness 10000) in paragraph at lines 6252--6258

 []


Underfull \hbox (badness 10000) in paragraph at lines 6259--6266

 []


Underfull \hbox (badness 10000) in paragraph at lines 6267--6273

 []


Underfull \hbox (badness 10000) in paragraph at lines 6274--6280

 []


Underfull \hbox (badness 10000) in paragraph at lines 6281--6287

 []

[162]
Underfull \hbox (badness 10000) in paragraph at lines 6288--6294

 []


Underfull \hbox (badness 10000) in paragraph at lines 6295--6300

 []


Underfull \hbox (badness 10000) in paragraph at lines 6301--6307

 []


Underfull \hbox (badness 10000) in paragraph at lines 6308--6314

 []


Underfull \hbox (badness 10000) in paragraph at lines 6315--6322

 []


Underfull \hbox (badness 10000) in paragraph at lines 6323--6329

 []


Underfull \hbox (badness 10000) in paragraph at lines 6330--6336

 []


Underfull \hbox (badness 10000) in paragraph at lines 6337--6343

 []


Underfull \hbox (badness 10000) in paragraph at lines 6344--6350

 []


Underfull \hbox (badness 10000) in paragraph at lines 6351--6356

 []


Underfull \hbox (badness 10000) in paragraph at lines 6357--6363

 []


Underfull \hbox (badness 10000) in paragraph at lines 6364--6370

 []

[163]
Underfull \hbox (badness 10000) in paragraph at lines 6371--6377

 []

[164] (./modes_mouse_rev1b.aux) ) 
Here is how much of TeX's memory you used:
 17138 strings out of 478287
 284706 string characters out of 5849289
 621615 words of memory out of 5000000
 34087 multiletter control sequences out of 15000+600000
 560245 words of font info for 315 fonts, out of 8000000 for 9000
 1141 hyphenation exceptions out of 8191
 108i,6n,106p,1521b,501s stack positions out of 5000i,500n,10000p,200000b,80000s
{/usr/share/texmf/fonts/enc/dvips/lm/lm-mathit
.enc}{/usr/share/texmf/fonts/enc/dvips/lm/lm-ec.enc}{/usr/share/texmf/fonts/enc
/dvips/lm/lm-ts1.enc}{/usr/share/texmf/fonts/enc/dvips/lm/lm-mathsy.enc}{/usr/s
hare/texmf/fonts/enc/dvips/lm/lm-rm.enc}</usr/share/texmf/fonts/type1/public/lm
/lmbx12.pfb></usr/share/texmf/fonts/type1/public/lm/lmbx8.pfb></usr/share/texmf
/fonts/type1/public/lm/lmbxi10.pfb></usr/share/texmf/fonts/type1/public/lm/lmmi
12.pfb></usr/share/texmf/fonts/type1/public/lm/lmmi5.pfb></usr/share/texmf/font
s/type1/public/lm/lmmi7.pfb></usr/share/texmf/fonts/type1/public/lm/lmmi8.pfb><
/usr/share/texmf/fonts/type1/public/lm/lmr12.pfb></usr/share/texmf/fonts/type1/
public/lm/lmr7.pfb></usr/share/texmf/fonts/type1/public/lm/lmr8.pfb></usr/share
/texmf/fonts/type1/public/lm/lmri12.pfb></usr/share/texmf/fonts/type1/public/lm
/lmri7.pfb></usr/share/texmf/fonts/type1/public/lm/lmss8.pfb></usr/share/texmf/
fonts/type1/public/lm/lmsy10.pfb></usr/share/texmf/fonts/type1/public/lm/lmsy8.
pfb>
Output written on modes_mouse_rev1b.pdf (164 pages, 6573849 bytes).
PDF statistics:
 1937 PDF objects out of 2073 (max. 8388607)
 1658 compressed objects within 17 object streams
 471 named destinations out of 1000 (max. 500000)
 43922 words of extra memory for PDF output out of 51595 (max. 10000000)

